[2022-08-03 05:48:29Z INFO HostContext] No proxy settings were found based on environmental variables (http_proxy/https_proxy/HTTP_PROXY/HTTPS_PROXY)
[2022-08-03 05:48:29Z INFO HostContext] Well known directory 'Bin': 'E:\MERN-PROJECT\github-action-reactjs\actions-runner\bin'
[2022-08-03 05:48:29Z INFO HostContext] Well known directory 'Root': 'E:\MERN-PROJECT\github-action-reactjs\actions-runner'
[2022-08-03 05:48:29Z INFO HostContext] Well known config file 'Credentials': 'E:\MERN-PROJECT\github-action-reactjs\actions-runner\.credentials'
[2022-08-03 05:48:29Z INFO HostContext] Well known directory 'Bin': 'E:\MERN-PROJECT\github-action-reactjs\actions-runner\bin'
[2022-08-03 05:48:29Z INFO HostContext] Well known directory 'Root': 'E:\MERN-PROJECT\github-action-reactjs\actions-runner'
[2022-08-03 05:48:29Z INFO HostContext] Well known config file 'Runner': 'E:\MERN-PROJECT\github-action-reactjs\actions-runner\.runner'
[2022-08-03 05:48:29Z INFO Listener] Runner is built for Windows (X64) - win-x64.
[2022-08-03 05:48:29Z INFO Listener] RuntimeInformation: Microsoft Windows 10.0.22000.
[2022-08-03 05:48:29Z INFO Listener] Version: 2.294.0
[2022-08-03 05:48:29Z INFO Listener] Commit: 709bd6113d2fca3a89a0fef11913ce4efd7b8cc5
[2022-08-03 05:48:29Z INFO Listener] Culture: en-US
[2022-08-03 05:48:29Z INFO Listener] UI Culture: en-GB
[2022-08-03 05:48:29Z INFO HostContext] Well known directory 'Bin': 'E:\MERN-PROJECT\github-action-reactjs\actions-runner\bin'
[2022-08-03 05:48:29Z INFO HostContext] Well known directory 'Root': 'E:\MERN-PROJECT\github-action-reactjs\actions-runner'
[2022-08-03 05:48:29Z INFO Listener] Validating directory permissions for: 'E:\MERN-PROJECT\github-action-reactjs\actions-runner'
[2022-08-03 05:48:29Z INFO CommandLineParser] Parse
[2022-08-03 05:48:29Z INFO CommandLineParser] Parsing 1 args
[2022-08-03 05:48:29Z INFO CommandLineParser] parsing argument
[2022-08-03 05:48:29Z INFO CommandLineParser] HasArgs: False
[2022-08-03 05:48:29Z INFO CommandLineParser] Adding Command: run
[2022-08-03 05:48:29Z INFO Listener] Arguments parsed
[2022-08-03 05:48:29Z INFO Runner] ExecuteCommand
[2022-08-03 05:48:29Z INFO ConfigurationStore] currentAssemblyLocation: E:\MERN-PROJECT\github-action-reactjs\actions-runner\bin\Runner.Listener.dll
[2022-08-03 05:48:29Z INFO HostContext] Well known directory 'Bin': 'E:\MERN-PROJECT\github-action-reactjs\actions-runner\bin'
[2022-08-03 05:48:29Z INFO ConfigurationStore] binPath: E:\MERN-PROJECT\github-action-reactjs\actions-runner\bin
[2022-08-03 05:48:29Z INFO HostContext] Well known directory 'Bin': 'E:\MERN-PROJECT\github-action-reactjs\actions-runner\bin'
[2022-08-03 05:48:29Z INFO HostContext] Well known directory 'Root': 'E:\MERN-PROJECT\github-action-reactjs\actions-runner'
[2022-08-03 05:48:29Z INFO ConfigurationStore] RootFolder: E:\MERN-PROJECT\github-action-reactjs\actions-runner
[2022-08-03 05:48:29Z INFO HostContext] Well known directory 'Bin': 'E:\MERN-PROJECT\github-action-reactjs\actions-runner\bin'
[2022-08-03 05:48:29Z INFO HostContext] Well known directory 'Root': 'E:\MERN-PROJECT\github-action-reactjs\actions-runner'
[2022-08-03 05:48:29Z INFO HostContext] Well known config file 'Runner': 'E:\MERN-PROJECT\github-action-reactjs\actions-runner\.runner'
[2022-08-03 05:48:29Z INFO ConfigurationStore] ConfigFilePath: E:\MERN-PROJECT\github-action-reactjs\actions-runner\.runner
[2022-08-03 05:48:29Z INFO HostContext] Well known directory 'Bin': 'E:\MERN-PROJECT\github-action-reactjs\actions-runner\bin'
[2022-08-03 05:48:29Z INFO HostContext] Well known directory 'Root': 'E:\MERN-PROJECT\github-action-reactjs\actions-runner'
[2022-08-03 05:48:29Z INFO HostContext] Well known config file 'Credentials': 'E:\MERN-PROJECT\github-action-reactjs\actions-runner\.credentials'
[2022-08-03 05:48:29Z INFO ConfigurationStore] CredFilePath: E:\MERN-PROJECT\github-action-reactjs\actions-runner\.credentials
[2022-08-03 05:48:29Z INFO HostContext] Well known directory 'Bin': 'E:\MERN-PROJECT\github-action-reactjs\actions-runner\bin'
[2022-08-03 05:48:29Z INFO HostContext] Well known directory 'Root': 'E:\MERN-PROJECT\github-action-reactjs\actions-runner'
[2022-08-03 05:48:29Z INFO HostContext] Well known config file 'MigratedCredentials': 'E:\MERN-PROJECT\github-action-reactjs\actions-runner\.credentials_migrated'
[2022-08-03 05:48:29Z INFO ConfigurationStore] MigratedCredFilePath: E:\MERN-PROJECT\github-action-reactjs\actions-runner\.credentials_migrated
[2022-08-03 05:48:29Z INFO HostContext] Well known directory 'Bin': 'E:\MERN-PROJECT\github-action-reactjs\actions-runner\bin'
[2022-08-03 05:48:29Z INFO HostContext] Well known directory 'Root': 'E:\MERN-PROJECT\github-action-reactjs\actions-runner'
[2022-08-03 05:48:29Z INFO HostContext] Well known config file 'Service': 'E:\MERN-PROJECT\github-action-reactjs\actions-runner\.service'
[2022-08-03 05:48:29Z INFO ConfigurationStore] ServiceConfigFilePath: E:\MERN-PROJECT\github-action-reactjs\actions-runner\.service
[2022-08-03 05:48:29Z INFO CommandSettings] Flag 'help': 'False'
[2022-08-03 05:48:29Z INFO CommandSettings] Flag 'version': 'False'
[2022-08-03 05:48:29Z INFO CommandSettings] Flag 'commit': 'False'
[2022-08-03 05:48:29Z INFO CommandSettings] Flag 'check': 'False'
[2022-08-03 05:48:29Z INFO CommandSettings] Command 'configure': 'False'
[2022-08-03 05:48:29Z INFO CommandSettings] Command 'remove': 'False'
[2022-08-03 05:48:29Z INFO CommandSettings] Command 'warmup': 'False'
[2022-08-03 05:48:29Z INFO ConfigurationManager] LoadSettings
[2022-08-03 05:48:29Z INFO ConfigurationStore] IsConfigured()
[2022-08-03 05:48:29Z INFO ConfigurationStore] IsConfigured: True
[2022-08-03 05:48:29Z INFO ConfigurationManager] Is configured: True
[2022-08-03 05:48:29Z INFO ConfigurationStore] Read setting file: 297 chars
[2022-08-03 05:48:29Z INFO ConfigurationManager] Settings Loaded
[2022-08-03 05:48:29Z INFO ConfigurationStore] IsServiceConfigured()
[2022-08-03 05:48:29Z INFO ConfigurationStore] IsServiceConfigured: False
[2022-08-03 05:48:29Z INFO CommandSettings] Command 'run': 'True'
[2022-08-03 05:48:29Z INFO ConfigurationStore] IsConfigured()
[2022-08-03 05:48:29Z INFO ConfigurationStore] IsConfigured: True
[2022-08-03 05:48:29Z INFO ConfigurationManager] Is configured: True
[2022-08-03 05:48:29Z INFO Runner] Could not parse the argument value '' for StartupType. Defaulting to Manual
[2022-08-03 05:48:29Z INFO Runner] Set runner startup type - Manual
[2022-08-03 05:48:29Z INFO CommandSettings] Flag 'once': 'False'
[2022-08-03 05:48:29Z INFO CommandSettings] Flag 'once': 'False'
[2022-08-03 05:48:29Z INFO Runner] RunAsync
[2022-08-03 05:48:29Z INFO ConfigurationManager] LoadSettings
[2022-08-03 05:48:29Z INFO ConfigurationStore] IsConfigured()
[2022-08-03 05:48:29Z INFO ConfigurationStore] IsConfigured: True
[2022-08-03 05:48:29Z INFO ConfigurationManager] Is configured: True
[2022-08-03 05:48:29Z INFO ConfigurationManager] Settings Loaded
[2022-08-03 05:48:29Z INFO MessageListener] {
  "AgentId": 2,
  "AgentName": "ANIS",
  "PoolId": 1,
  "PoolName": "Default",
  "ServerUrl": "https://pipelines.actions.githubusercontent.com/vU2uhXeXbLjX6XbuuY7jKikBqRN0qfuvE1J8jnL1vqTCwtGLgi",
  "GitHubUrl": "https://github.com/anichu/github-action-reactjs",
  "WorkFolder": "_work"
}
[2022-08-03 05:48:29Z INFO MessageListener] Loading Credentials
[2022-08-03 05:48:29Z INFO ConfigurationStore] HasCredentials()
[2022-08-03 05:48:29Z INFO ConfigurationStore] stored True
[2022-08-03 05:48:29Z INFO CredentialManager] GetCredentialProvider
[2022-08-03 05:48:29Z INFO CredentialManager] Creating type OAuth
[2022-08-03 05:48:29Z INFO CredentialManager] Creating credential type: OAuth
[2022-08-03 05:48:29Z INFO HostContext] Well known directory 'Bin': 'E:\MERN-PROJECT\github-action-reactjs\actions-runner\bin'
[2022-08-03 05:48:29Z INFO HostContext] Well known directory 'Root': 'E:\MERN-PROJECT\github-action-reactjs\actions-runner'
[2022-08-03 05:48:29Z INFO HostContext] Well known config file 'RSACredentials': 'E:\MERN-PROJECT\github-action-reactjs\actions-runner\.credentials_rsaparams'
[2022-08-03 05:48:29Z INFO RSAEncryptedFileKeyManager] Loading RSA key parameters from file E:\MERN-PROJECT\github-action-reactjs\actions-runner\.credentials_rsaparams
[2022-08-03 05:48:29Z INFO MessageListener] Attempt to create session.
[2022-08-03 05:48:29Z INFO MessageListener] Connecting to the Runner Server...
[2022-08-03 05:48:29Z INFO RunnerServer] Establish connection with 100 seconds timeout.
[2022-08-03 05:48:29Z INFO GitHubActionsService] Starting operation Location.GetConnectionData
[2022-08-03 05:48:29Z INFO RunnerServer] Establish connection with 60 seconds timeout.
[2022-08-03 05:48:29Z INFO GitHubActionsService] Starting operation Location.GetConnectionData
[2022-08-03 05:48:29Z INFO RunnerServer] Establish connection with 60 seconds timeout.
[2022-08-03 05:48:29Z INFO GitHubActionsService] Starting operation Location.GetConnectionData
[2022-08-03 05:48:30Z INFO GitHubActionsService] Finished operation Location.GetConnectionData
[2022-08-03 05:48:31Z INFO GitHubActionsService] Finished operation Location.GetConnectionData
[2022-08-03 05:48:31Z INFO GitHubActionsService] Finished operation Location.GetConnectionData
[2022-08-03 05:48:31Z INFO MessageListener] VssConnection created
[2022-08-03 05:48:31Z INFO Terminal] WRITE LINE: 
[2022-08-03 05:48:31Z INFO Terminal] WRITE LINE: 
[2022-08-03 05:48:31Z WARN GitHubActionsService] Authentication failed with status code 401.
Transfer-Encoding: chunked
WWW-Authenticate: Bearer
Strict-Transport-Security: max-age=2592000
X-TFS-ProcessId: b6f5cb3a-5c67-4cd8-b6dd-588303e94d17
ActivityId: 00bc95a0-d102-4036-a85d-8c357373c025
X-TFS-Session: 8b092e8c-5cc7-4941-957d-1d71ab01502f
X-VSS-E2EID: 572276fd-1c8d-4a3a-9cb7-62cca346eb8f
X-VSS-SenderDeploymentId: 7101e053-bd8e-689b-be8c-ce908c7f0053
X-TFS-ServiceError: The+user+%27System%3aPublicAccess%3baaaaaaaa-aaaa-aaaa-aaaa-aaaaaaaaaaaa%27+is+not+authorized+to+access+this+resource.
X-VSS-S2STargetService: 0000005A-0000-8888-8000-000000000000/visualstudio.com
X-Cache: CONFIG_NOCACHE
X-MSEdge-Ref: Ref A: 77E37DD7EF214778BCC74825282DDD84 Ref B: SIN30EDGE0521 Ref C: 2022-08-03T05:48:31Z
Date: Wed, 03 Aug 2022 05:48:31 GMT

[2022-08-03 05:48:31Z INFO RSAEncryptedFileKeyManager] Loading RSA key parameters from file E:\MERN-PROJECT\github-action-reactjs\actions-runner\.credentials_rsaparams
[2022-08-03 05:48:31Z INFO RSAEncryptedFileKeyManager] Loading RSA key parameters from file E:\MERN-PROJECT\github-action-reactjs\actions-runner\.credentials_rsaparams
[2022-08-03 05:48:33Z INFO GitHubActionsService] AAD Correlation ID for this token request: Unknown
[2022-08-03 05:48:33Z INFO MessageListener] Session created.
[2022-08-03 05:48:33Z INFO Terminal] WRITE LINE: Current runner version: '2.294.0'
[2022-08-03 05:48:33Z INFO Terminal] WRITE LINE: 2022-08-03 05:48:33Z: Listening for Jobs
[2022-08-03 05:48:33Z INFO JobDispatcher] Set runner/worker IPC timeout to 30 seconds.
[2022-08-03 06:18:47Z INFO MessageListener] No message retrieved from session '1746904a-c4d8-4194-b27f-17353c0a6d5a' within last 30 minutes.
[2022-08-03 06:45:27Z WARN GitHubActionsService] GET request to https://pipelines.actions.githubusercontent.com/vU2uhXeXbLjX6XbuuY7jKikBqRN0qfuvE1J8jnL1vqTCwtGLgi/_apis/distributedtask/pools/1/messages?sessionId=1746904a-c4d8-4194-b27f-17353c0a6d5a timed out after 60 seconds.
[2022-08-03 06:45:27Z ERR  MessageListener] Catch exception during get next message.
[2022-08-03 06:45:27Z ERR  MessageListener] System.TimeoutException: The HTTP request timed out after 00:01:00.
 ---> System.Threading.Tasks.TaskCanceledException: The operation was canceled.
 ---> System.IO.IOException: Unable to read data from the transport connection: The I/O operation has been aborted because of either a thread exit or an application request..
 ---> System.Net.Sockets.SocketException (995): The I/O operation has been aborted because of either a thread exit or an application request.
   --- End of inner exception stack trace ---
   at System.Net.Sockets.Socket.AwaitableSocketAsyncEventArgs.ThrowException(SocketError error, CancellationToken cancellationToken)
   at System.Net.Sockets.Socket.AwaitableSocketAsyncEventArgs.System.Threading.Tasks.Sources.IValueTaskSource<System.Int32>.GetResult(Int16 token)
   at System.Net.Security.SslStream.EnsureFullTlsFrameAsync[TIOAdapter](TIOAdapter adapter)
   at System.Net.Security.SslStream.ReadAsyncInternal[TIOAdapter](TIOAdapter adapter, Memory`1 buffer)
   at System.Net.Http.HttpConnection.SendAsyncCore(HttpRequestMessage request, Boolean async, CancellationToken cancellationToken)
   --- End of inner exception stack trace ---
   at System.Net.Http.HttpConnection.SendAsyncCore(HttpRequestMessage request, Boolean async, CancellationToken cancellationToken)
   at System.Net.Http.AuthenticationHelper.SendWithNtAuthAsync(HttpRequestMessage request, Uri authUri, Boolean async, ICredentials credentials, Boolean isProxyAuth, HttpConnection connection, HttpConnectionPool connectionPool, CancellationToken cancellationToken)
   at System.Net.Http.HttpConnectionPool.SendWithVersionDetectionAndRetryAsync(HttpRequestMessage request, Boolean async, Boolean doRequestAuth, CancellationToken cancellationToken)
   at System.Net.Http.AuthenticationHelper.SendWithAuthAsync(HttpRequestMessage request, Uri authUri, Boolean async, ICredentials credentials, Boolean preAuthenticate, Boolean isProxyAuth, Boolean doRequestAuth, HttpConnectionPool pool, CancellationToken cancellationToken)
   at System.Net.Http.DecompressionHandler.SendAsync(HttpRequestMessage request, Boolean async, CancellationToken cancellationToken)
   at GitHub.Services.Common.VssHttpMessageHandler.SendAsync(HttpRequestMessage request, CancellationToken cancellationToken)
   --- End of inner exception stack trace ---
   at GitHub.Services.Common.VssHttpMessageHandler.SendAsync(HttpRequestMessage request, CancellationToken cancellationToken)
   at GitHub.Services.Common.VssHttpRetryMessageHandler.SendAsync(HttpRequestMessage request, CancellationToken cancellationToken)
   at System.Net.Http.HttpClient.<SendAsync>g__Core|83_0(HttpRequestMessage request, HttpCompletionOption completionOption, CancellationTokenSource cts, Boolean disposeCts, CancellationTokenSource pendingRequestsCts, CancellationToken originalCancellationToken)
   at GitHub.Services.WebApi.VssHttpClientBase.SendAsync(HttpRequestMessage message, HttpCompletionOption completionOption, Object userState, CancellationToken cancellationToken)
   at GitHub.Services.WebApi.VssHttpClientBase.SendAsync[T](HttpRequestMessage message, Object userState, CancellationToken cancellationToken)
   at GitHub.Services.WebApi.VssHttpClientBase.SendAsync[T](HttpMethod method, IEnumerable`1 additionalHeaders, Guid locationId, Object routeValues, ApiResourceVersion version, HttpContent content, IEnumerable`1 queryParameters, Object userState, CancellationToken cancellationToken)
   at GitHub.Runner.Listener.MessageListener.GetNextMessageAsync(CancellationToken token)
[2022-08-03 06:45:27Z ERR  MessageListener] #####################################################
[2022-08-03 06:45:27Z ERR  MessageListener] System.Threading.Tasks.TaskCanceledException: The operation was canceled.
 ---> System.IO.IOException: Unable to read data from the transport connection: The I/O operation has been aborted because of either a thread exit or an application request..
 ---> System.Net.Sockets.SocketException (995): The I/O operation has been aborted because of either a thread exit or an application request.
   --- End of inner exception stack trace ---
   at System.Net.Sockets.Socket.AwaitableSocketAsyncEventArgs.ThrowException(SocketError error, CancellationToken cancellationToken)
   at System.Net.Sockets.Socket.AwaitableSocketAsyncEventArgs.System.Threading.Tasks.Sources.IValueTaskSource<System.Int32>.GetResult(Int16 token)
   at System.Net.Security.SslStream.EnsureFullTlsFrameAsync[TIOAdapter](TIOAdapter adapter)
   at System.Net.Security.SslStream.ReadAsyncInternal[TIOAdapter](TIOAdapter adapter, Memory`1 buffer)
   at System.Net.Http.HttpConnection.SendAsyncCore(HttpRequestMessage request, Boolean async, CancellationToken cancellationToken)
   --- End of inner exception stack trace ---
   at System.Net.Http.HttpConnection.SendAsyncCore(HttpRequestMessage request, Boolean async, CancellationToken cancellationToken)
   at System.Net.Http.AuthenticationHelper.SendWithNtAuthAsync(HttpRequestMessage request, Uri authUri, Boolean async, ICredentials credentials, Boolean isProxyAuth, HttpConnection connection, HttpConnectionPool connectionPool, CancellationToken cancellationToken)
   at System.Net.Http.HttpConnectionPool.SendWithVersionDetectionAndRetryAsync(HttpRequestMessage request, Boolean async, Boolean doRequestAuth, CancellationToken cancellationToken)
   at System.Net.Http.AuthenticationHelper.SendWithAuthAsync(HttpRequestMessage request, Uri authUri, Boolean async, ICredentials credentials, Boolean preAuthenticate, Boolean isProxyAuth, Boolean doRequestAuth, HttpConnectionPool pool, CancellationToken cancellationToken)
   at System.Net.Http.DecompressionHandler.SendAsync(HttpRequestMessage request, Boolean async, CancellationToken cancellationToken)
   at GitHub.Services.Common.VssHttpMessageHandler.SendAsync(HttpRequestMessage request, CancellationToken cancellationToken)
[2022-08-03 06:45:27Z ERR  MessageListener] #####################################################
[2022-08-03 06:45:27Z ERR  MessageListener] System.IO.IOException: Unable to read data from the transport connection: The I/O operation has been aborted because of either a thread exit or an application request..
 ---> System.Net.Sockets.SocketException (995): The I/O operation has been aborted because of either a thread exit or an application request.
   --- End of inner exception stack trace ---
   at System.Net.Sockets.Socket.AwaitableSocketAsyncEventArgs.ThrowException(SocketError error, CancellationToken cancellationToken)
   at System.Net.Sockets.Socket.AwaitableSocketAsyncEventArgs.System.Threading.Tasks.Sources.IValueTaskSource<System.Int32>.GetResult(Int16 token)
   at System.Net.Security.SslStream.EnsureFullTlsFrameAsync[TIOAdapter](TIOAdapter adapter)
   at System.Net.Security.SslStream.ReadAsyncInternal[TIOAdapter](TIOAdapter adapter, Memory`1 buffer)
   at System.Net.Http.HttpConnection.SendAsyncCore(HttpRequestMessage request, Boolean async, CancellationToken cancellationToken)
[2022-08-03 06:45:27Z ERR  MessageListener] #####################################################
[2022-08-03 06:45:27Z ERR  MessageListener] System.Net.Sockets.SocketException (995): The I/O operation has been aborted because of either a thread exit or an application request.
[2022-08-03 06:45:27Z INFO MessageListener] Retriable exception: The HTTP request timed out after 00:01:00.
[2022-08-03 06:45:27Z ERR  Terminal] WRITE ERROR: 2022-08-03 06:45:27Z: Runner connect error: The HTTP request timed out after 00:01:00.. Retrying until reconnected.
[2022-08-03 06:45:27Z INFO RunnerServer] Refresh MessageQueue VssConnection to get on a different AFD node.
[2022-08-03 06:45:27Z INFO RunnerServer] Establish connection with 60 seconds timeout.
[2022-08-03 06:45:27Z INFO GitHubActionsService] Starting operation Location.GetConnectionData
[2022-08-03 06:45:29Z INFO GitHubActionsService] Finished operation Location.GetConnectionData
[2022-08-03 06:45:29Z INFO MessageListener] Sleeping for 25.893 seconds before retrying.
[2022-08-03 06:45:55Z WARN GitHubActionsService] Authentication failed with status code 401.
Transfer-Encoding: chunked
WWW-Authenticate: Bearer
Strict-Transport-Security: max-age=2592000
X-TFS-ProcessId: f687d485-1c9b-4ace-8ba3-2689a95fb703
ActivityId: f565aa4f-adfe-4fa6-bb48-12da95416d9f
X-TFS-Session: 8b092e8c-5cc7-4941-957d-1d71ab01502f
X-VSS-E2EID: b93327fd-8f00-4cf1-a497-925f34376944
X-VSS-SenderDeploymentId: 7101e053-bd8e-689b-be8c-ce908c7f0053
X-TFS-ServiceError: The+user+%27System%3aPublicAccess%3baaaaaaaa-aaaa-aaaa-aaaa-aaaaaaaaaaaa%27+is+not+authorized+to+access+this+resource.
X-VSS-S2STargetService: 0000005A-0000-8888-8000-000000000000/visualstudio.com
X-Cache: CONFIG_NOCACHE
X-MSEdge-Ref: Ref A: 414EC911422642DC882B231F241F55E2 Ref B: SIN30EDGE0717 Ref C: 2022-08-03T06:45:56Z
Date: Wed, 03 Aug 2022 06:45:56 GMT

[2022-08-03 06:45:55Z INFO RSAEncryptedFileKeyManager] Loading RSA key parameters from file E:\MERN-PROJECT\github-action-reactjs\actions-runner\.credentials_rsaparams
[2022-08-03 06:45:57Z INFO GitHubActionsService] AAD Correlation ID for this token request: Unknown
[2022-08-03 06:46:47Z INFO Terminal] WRITE LINE: 2022-08-03 06:46:47Z: Runner reconnected.
[2022-08-03 06:49:18Z INFO MessageListener] No message retrieved from session '1746904a-c4d8-4194-b27f-17353c0a6d5a' within last 30 minutes.
[2022-08-03 07:19:33Z INFO MessageListener] No message retrieved from session '1746904a-c4d8-4194-b27f-17353c0a6d5a' within last 30 minutes.
[2022-08-03 07:41:22Z WARN GitHubActionsService] Authentication failed with status code 401.
Transfer-Encoding: chunked
WWW-Authenticate: Bearer
Strict-Transport-Security: max-age=2592000
X-TFS-ProcessId: 61421288-8ac3-4dcf-b9e7-78b10e4683ed
ActivityId: ccd778c5-3f85-41ec-ad7c-2084c3174dfb
X-TFS-Session: 8b092e8c-5cc7-4941-957d-1d71ab01502f
X-VSS-E2EID: 80e6710d-7cc4-49b2-8d5a-776c80001e42
X-VSS-SenderDeploymentId: 7101e053-bd8e-689b-be8c-ce908c7f0053
X-TFS-ServiceError: The+user+%27System%3aPublicAccess%3baaaaaaaa-aaaa-aaaa-aaaa-aaaaaaaaaaaa%27+is+not+authorized+to+access+this+resource.
X-VSS-S2STargetService: 0000005A-0000-8888-8000-000000000000/visualstudio.com
X-Cache: CONFIG_NOCACHE
X-MSEdge-Ref: Ref A: F22FA895AC284A94ABCD67AB14100248 Ref B: SIN30EDGE0717 Ref C: 2022-08-03T07:41:22Z
Date: Wed, 03 Aug 2022 07:41:22 GMT

[2022-08-03 07:41:22Z INFO RSAEncryptedFileKeyManager] Loading RSA key parameters from file E:\MERN-PROJECT\github-action-reactjs\actions-runner\.credentials_rsaparams
[2022-08-03 07:41:23Z INFO GitHubActionsService] AAD Correlation ID for this token request: Unknown
[2022-08-03 07:49:47Z INFO MessageListener] No message retrieved from session '1746904a-c4d8-4194-b27f-17353c0a6d5a' within last 30 minutes.
