[2022-08-03 05:32:14Z INFO HostContext] No proxy settings were found based on environmental variables (http_proxy/https_proxy/HTTP_PROXY/HTTPS_PROXY)
[2022-08-03 05:32:14Z INFO HostContext] Well known directory 'Bin': 'E:\MERN-PROJECT\github-action-reactjs\actions-runner\bin'
[2022-08-03 05:32:14Z INFO HostContext] Well known directory 'Root': 'E:\MERN-PROJECT\github-action-reactjs\actions-runner'
[2022-08-03 05:32:14Z INFO HostContext] Well known config file 'Credentials': 'E:\MERN-PROJECT\github-action-reactjs\actions-runner\.credentials'
[2022-08-03 05:32:15Z INFO HostContext] Well known directory 'Bin': 'E:\MERN-PROJECT\github-action-reactjs\actions-runner\bin'
[2022-08-03 05:32:15Z INFO HostContext] Well known directory 'Root': 'E:\MERN-PROJECT\github-action-reactjs\actions-runner'
[2022-08-03 05:32:15Z INFO HostContext] Well known config file 'Runner': 'E:\MERN-PROJECT\github-action-reactjs\actions-runner\.runner'
[2022-08-03 05:32:15Z INFO Listener] Runner is built for Windows (X64) - win-x64.
[2022-08-03 05:32:15Z INFO Listener] RuntimeInformation: Microsoft Windows 10.0.22000.
[2022-08-03 05:32:15Z INFO Listener] Version: 2.294.0
[2022-08-03 05:32:15Z INFO Listener] Commit: 709bd6113d2fca3a89a0fef11913ce4efd7b8cc5
[2022-08-03 05:32:15Z INFO Listener] Culture: en-US
[2022-08-03 05:32:15Z INFO Listener] UI Culture: en-GB
[2022-08-03 05:32:15Z INFO HostContext] Well known directory 'Bin': 'E:\MERN-PROJECT\github-action-reactjs\actions-runner\bin'
[2022-08-03 05:32:15Z INFO HostContext] Well known directory 'Root': 'E:\MERN-PROJECT\github-action-reactjs\actions-runner'
[2022-08-03 05:32:15Z INFO Listener] Validating directory permissions for: 'E:\MERN-PROJECT\github-action-reactjs\actions-runner'
[2022-08-03 05:32:15Z INFO CommandLineParser] Parse
[2022-08-03 05:32:15Z INFO CommandLineParser] Parsing 1 args
[2022-08-03 05:32:15Z INFO CommandLineParser] parsing argument
[2022-08-03 05:32:15Z INFO CommandLineParser] HasArgs: False
[2022-08-03 05:32:15Z INFO CommandLineParser] Adding Command: run
[2022-08-03 05:32:15Z INFO Listener] Arguments parsed
[2022-08-03 05:32:15Z INFO Runner] ExecuteCommand
[2022-08-03 05:32:15Z INFO ConfigurationStore] currentAssemblyLocation: E:\MERN-PROJECT\github-action-reactjs\actions-runner\bin\Runner.Listener.dll
[2022-08-03 05:32:15Z INFO HostContext] Well known directory 'Bin': 'E:\MERN-PROJECT\github-action-reactjs\actions-runner\bin'
[2022-08-03 05:32:15Z INFO ConfigurationStore] binPath: E:\MERN-PROJECT\github-action-reactjs\actions-runner\bin
[2022-08-03 05:32:15Z INFO HostContext] Well known directory 'Bin': 'E:\MERN-PROJECT\github-action-reactjs\actions-runner\bin'
[2022-08-03 05:32:15Z INFO HostContext] Well known directory 'Root': 'E:\MERN-PROJECT\github-action-reactjs\actions-runner'
[2022-08-03 05:32:15Z INFO ConfigurationStore] RootFolder: E:\MERN-PROJECT\github-action-reactjs\actions-runner
[2022-08-03 05:32:15Z INFO HostContext] Well known directory 'Bin': 'E:\MERN-PROJECT\github-action-reactjs\actions-runner\bin'
[2022-08-03 05:32:15Z INFO HostContext] Well known directory 'Root': 'E:\MERN-PROJECT\github-action-reactjs\actions-runner'
[2022-08-03 05:32:15Z INFO HostContext] Well known config file 'Runner': 'E:\MERN-PROJECT\github-action-reactjs\actions-runner\.runner'
[2022-08-03 05:32:15Z INFO ConfigurationStore] ConfigFilePath: E:\MERN-PROJECT\github-action-reactjs\actions-runner\.runner
[2022-08-03 05:32:15Z INFO HostContext] Well known directory 'Bin': 'E:\MERN-PROJECT\github-action-reactjs\actions-runner\bin'
[2022-08-03 05:32:15Z INFO HostContext] Well known directory 'Root': 'E:\MERN-PROJECT\github-action-reactjs\actions-runner'
[2022-08-03 05:32:15Z INFO HostContext] Well known config file 'Credentials': 'E:\MERN-PROJECT\github-action-reactjs\actions-runner\.credentials'
[2022-08-03 05:32:15Z INFO ConfigurationStore] CredFilePath: E:\MERN-PROJECT\github-action-reactjs\actions-runner\.credentials
[2022-08-03 05:32:15Z INFO HostContext] Well known directory 'Bin': 'E:\MERN-PROJECT\github-action-reactjs\actions-runner\bin'
[2022-08-03 05:32:15Z INFO HostContext] Well known directory 'Root': 'E:\MERN-PROJECT\github-action-reactjs\actions-runner'
[2022-08-03 05:32:15Z INFO HostContext] Well known config file 'MigratedCredentials': 'E:\MERN-PROJECT\github-action-reactjs\actions-runner\.credentials_migrated'
[2022-08-03 05:32:15Z INFO ConfigurationStore] MigratedCredFilePath: E:\MERN-PROJECT\github-action-reactjs\actions-runner\.credentials_migrated
[2022-08-03 05:32:15Z INFO HostContext] Well known directory 'Bin': 'E:\MERN-PROJECT\github-action-reactjs\actions-runner\bin'
[2022-08-03 05:32:15Z INFO HostContext] Well known directory 'Root': 'E:\MERN-PROJECT\github-action-reactjs\actions-runner'
[2022-08-03 05:32:15Z INFO HostContext] Well known config file 'Service': 'E:\MERN-PROJECT\github-action-reactjs\actions-runner\.service'
[2022-08-03 05:32:15Z INFO ConfigurationStore] ServiceConfigFilePath: E:\MERN-PROJECT\github-action-reactjs\actions-runner\.service
[2022-08-03 05:32:15Z INFO CommandSettings] Flag 'help': 'False'
[2022-08-03 05:32:15Z INFO CommandSettings] Flag 'version': 'False'
[2022-08-03 05:32:15Z INFO CommandSettings] Flag 'commit': 'False'
[2022-08-03 05:32:15Z INFO CommandSettings] Flag 'check': 'False'
[2022-08-03 05:32:15Z INFO CommandSettings] Command 'configure': 'False'
[2022-08-03 05:32:15Z INFO CommandSettings] Command 'remove': 'False'
[2022-08-03 05:32:15Z INFO CommandSettings] Command 'warmup': 'False'
[2022-08-03 05:32:15Z INFO ConfigurationManager] LoadSettings
[2022-08-03 05:32:15Z INFO ConfigurationStore] IsConfigured()
[2022-08-03 05:32:15Z INFO ConfigurationStore] IsConfigured: True
[2022-08-03 05:32:15Z INFO ConfigurationManager] Is configured: True
[2022-08-03 05:32:15Z INFO ConfigurationStore] Read setting file: 297 chars
[2022-08-03 05:32:15Z INFO ConfigurationManager] Settings Loaded
[2022-08-03 05:32:15Z INFO ConfigurationStore] IsServiceConfigured()
[2022-08-03 05:32:15Z INFO ConfigurationStore] IsServiceConfigured: False
[2022-08-03 05:32:15Z INFO CommandSettings] Command 'run': 'True'
[2022-08-03 05:32:15Z INFO ConfigurationStore] IsConfigured()
[2022-08-03 05:32:15Z INFO ConfigurationStore] IsConfigured: True
[2022-08-03 05:32:15Z INFO ConfigurationManager] Is configured: True
[2022-08-03 05:32:15Z INFO Runner] Could not parse the argument value '' for StartupType. Defaulting to Manual
[2022-08-03 05:32:15Z INFO Runner] Set runner startup type - Manual
[2022-08-03 05:32:15Z INFO CommandSettings] Flag 'once': 'False'
[2022-08-03 05:32:15Z INFO CommandSettings] Flag 'once': 'False'
[2022-08-03 05:32:15Z INFO Runner] RunAsync
[2022-08-03 05:32:15Z INFO ConfigurationManager] LoadSettings
[2022-08-03 05:32:15Z INFO ConfigurationStore] IsConfigured()
[2022-08-03 05:32:15Z INFO ConfigurationStore] IsConfigured: True
[2022-08-03 05:32:15Z INFO ConfigurationManager] Is configured: True
[2022-08-03 05:32:15Z INFO ConfigurationManager] Settings Loaded
[2022-08-03 05:32:15Z INFO MessageListener] {
  "AgentId": 2,
  "AgentName": "ANIS",
  "PoolId": 1,
  "PoolName": "Default",
  "ServerUrl": "https://pipelines.actions.githubusercontent.com/vU2uhXeXbLjX6XbuuY7jKikBqRN0qfuvE1J8jnL1vqTCwtGLgi",
  "GitHubUrl": "https://github.com/anichu/github-action-reactjs",
  "WorkFolder": "_work"
}
[2022-08-03 05:32:15Z INFO MessageListener] Loading Credentials
[2022-08-03 05:32:15Z INFO ConfigurationStore] HasCredentials()
[2022-08-03 05:32:15Z INFO ConfigurationStore] stored True
[2022-08-03 05:32:15Z INFO CredentialManager] GetCredentialProvider
[2022-08-03 05:32:15Z INFO CredentialManager] Creating type OAuth
[2022-08-03 05:32:15Z INFO CredentialManager] Creating credential type: OAuth
[2022-08-03 05:32:15Z INFO HostContext] Well known directory 'Bin': 'E:\MERN-PROJECT\github-action-reactjs\actions-runner\bin'
[2022-08-03 05:32:15Z INFO HostContext] Well known directory 'Root': 'E:\MERN-PROJECT\github-action-reactjs\actions-runner'
[2022-08-03 05:32:15Z INFO HostContext] Well known config file 'RSACredentials': 'E:\MERN-PROJECT\github-action-reactjs\actions-runner\.credentials_rsaparams'
[2022-08-03 05:32:15Z INFO RSAEncryptedFileKeyManager] Loading RSA key parameters from file E:\MERN-PROJECT\github-action-reactjs\actions-runner\.credentials_rsaparams
[2022-08-03 05:32:15Z INFO MessageListener] Attempt to create session.
[2022-08-03 05:32:15Z INFO MessageListener] Connecting to the Runner Server...
[2022-08-03 05:32:15Z INFO RunnerServer] Establish connection with 100 seconds timeout.
[2022-08-03 05:32:15Z INFO GitHubActionsService] Starting operation Location.GetConnectionData
[2022-08-03 05:32:15Z INFO RunnerServer] Establish connection with 60 seconds timeout.
[2022-08-03 05:32:15Z INFO GitHubActionsService] Starting operation Location.GetConnectionData
[2022-08-03 05:32:15Z INFO RunnerServer] Establish connection with 60 seconds timeout.
[2022-08-03 05:32:15Z INFO GitHubActionsService] Starting operation Location.GetConnectionData
[2022-08-03 05:32:16Z INFO GitHubActionsService] Finished operation Location.GetConnectionData
[2022-08-03 05:32:16Z INFO GitHubActionsService] Finished operation Location.GetConnectionData
[2022-08-03 05:32:16Z INFO GitHubActionsService] Finished operation Location.GetConnectionData
[2022-08-03 05:32:16Z INFO MessageListener] VssConnection created
[2022-08-03 05:32:16Z INFO Terminal] WRITE LINE: 
[2022-08-03 05:32:16Z INFO Terminal] WRITE LINE: 
[2022-08-03 05:32:17Z WARN GitHubActionsService] Authentication failed with status code 401.
Transfer-Encoding: chunked
WWW-Authenticate: Bearer
Strict-Transport-Security: max-age=2592000
X-TFS-ProcessId: 61421288-8ac3-4dcf-b9e7-78b10e4683ed
ActivityId: cca16c44-3f85-41ec-ad7c-2084c3174dfb
X-TFS-Session: ac603ef0-2003-472a-8372-2943f7a96622
X-VSS-E2EID: c23e98a1-e8eb-4239-b2f6-6382f9cdef2a
X-VSS-SenderDeploymentId: 7101e053-bd8e-689b-be8c-ce908c7f0053
X-TFS-ServiceError: The+user+%27System%3aPublicAccess%3baaaaaaaa-aaaa-aaaa-aaaa-aaaaaaaaaaaa%27+is+not+authorized+to+access+this+resource.
X-VSS-S2STargetService: 0000005A-0000-8888-8000-000000000000/visualstudio.com
X-Cache: CONFIG_NOCACHE
X-MSEdge-Ref: Ref A: CFE3B277BF27428F8AF54CC86380CC02 Ref B: SIN30EDGE0113 Ref C: 2022-08-03T05:32:16Z
Date: Wed, 03 Aug 2022 05:32:16 GMT

[2022-08-03 05:32:17Z INFO RSAEncryptedFileKeyManager] Loading RSA key parameters from file E:\MERN-PROJECT\github-action-reactjs\actions-runner\.credentials_rsaparams
[2022-08-03 05:32:17Z INFO RSAEncryptedFileKeyManager] Loading RSA key parameters from file E:\MERN-PROJECT\github-action-reactjs\actions-runner\.credentials_rsaparams
[2022-08-03 05:32:17Z INFO GitHubActionsService] AAD Correlation ID for this token request: Unknown
[2022-08-03 05:32:18Z INFO MessageListener] Session created.
[2022-08-03 05:32:18Z INFO Terminal] WRITE LINE: Current runner version: '2.294.0'
[2022-08-03 05:32:18Z INFO Terminal] WRITE LINE: 2022-08-03 05:32:18Z: Listening for Jobs
[2022-08-03 05:32:18Z INFO JobDispatcher] Set runner/worker IPC timeout to 30 seconds.
[2022-08-03 05:32:21Z INFO RSAEncryptedFileKeyManager] Loading RSA key parameters from file E:\MERN-PROJECT\github-action-reactjs\actions-runner\.credentials_rsaparams
[2022-08-03 05:32:21Z INFO MessageListener] Message '1' received from session '19bf522a-4bd8-449a-8bdd-c31b2ddc8a65'.
[2022-08-03 05:32:21Z INFO Runner] Received job message of length 21517 from service, with hash '91a8ed40886f4daacad0e888c7ce014a0baf21971083c532f2053ff20599c2c8'
[2022-08-03 05:32:21Z INFO JobDispatcher] Job request 1 for plan fc7bcf1b-2548-45f5-a44e-917a25fd8ca3 job c269f388-e93f-55df-e42c-8ad0a472b48b received.
[2022-08-03 05:32:21Z INFO JobDispatcher] Pull OrchestrationId fc7bcf1b-2548-45f5-a44e-917a25fd8ca3.build._16_x from JWT claims
[2022-08-03 05:32:21Z INFO Terminal] WRITE LINE: 2022-08-03 05:32:21Z: Running job: build (16.x)
[2022-08-03 05:32:21Z INFO JobDispatcher] Start renew job request 1 for job c269f388-e93f-55df-e42c-8ad0a472b48b.
[2022-08-03 05:32:22Z INFO JobDispatcher] Successfully renew job request 1, job is valid till 8/3/2022 5:42:21 AM
[2022-08-03 05:32:22Z INFO HostContext] Well known directory 'Bin': 'E:\MERN-PROJECT\github-action-reactjs\actions-runner\bin'
[2022-08-03 05:32:22Z INFO ProcessInvokerWrapper] Starting process:
[2022-08-03 05:32:22Z INFO ProcessInvokerWrapper]   File name: 'E:\MERN-PROJECT\github-action-reactjs\actions-runner\bin\Runner.Worker.exe'
[2022-08-03 05:32:22Z INFO ProcessInvokerWrapper]   Arguments: 'spawnclient 2172 2076'
[2022-08-03 05:32:22Z INFO ProcessInvokerWrapper]   Working directory: 'E:\MERN-PROJECT\github-action-reactjs\actions-runner\bin'
[2022-08-03 05:32:22Z INFO ProcessInvokerWrapper]   Require exit code zero: 'False'
[2022-08-03 05:32:22Z INFO ProcessInvokerWrapper]   Encoding web name:  ; code page: ''
[2022-08-03 05:32:22Z INFO ProcessInvokerWrapper]   Force kill process on cancellation: 'True'
[2022-08-03 05:32:22Z INFO ProcessInvokerWrapper]   Redirected STDIN: 'False'
[2022-08-03 05:32:22Z INFO ProcessInvokerWrapper]   Persist current code page: 'False'
[2022-08-03 05:32:22Z INFO ProcessInvokerWrapper]   Keep redirected STDIN open: 'False'
[2022-08-03 05:32:22Z INFO ProcessInvokerWrapper]   High priority process: 'True'
[2022-08-03 05:32:22Z INFO ProcessInvokerWrapper] Process started with process id 17800, waiting for process exit.
[2022-08-03 05:32:22Z INFO JobDispatcher] Send job request message to worker for job c269f388-e93f-55df-e42c-8ad0a472b48b.
[2022-08-03 05:32:22Z INFO ProcessChannel] Sending message of length 21517, with hash '91a8ed40886f4daacad0e888c7ce014a0baf21971083c532f2053ff20599c2c8'
[2022-08-03 05:32:22Z INFO JobNotification] Entering JobStarted Notification
[2022-08-03 05:32:22Z INFO JobNotification] Entering StartMonitor
[2022-08-03 05:33:22Z INFO JobDispatcher] Successfully renew job request 1, job is valid till 8/3/2022 5:43:22 AM
[2022-08-03 05:34:22Z INFO JobDispatcher] Successfully renew job request 1, job is valid till 8/3/2022 5:44:22 AM
[2022-08-03 05:35:23Z INFO JobDispatcher] Successfully renew job request 1, job is valid till 8/3/2022 5:45:23 AM
[2022-08-03 05:36:23Z INFO JobDispatcher] Successfully renew job request 1, job is valid till 8/3/2022 5:46:23 AM
[2022-08-03 05:37:23Z INFO JobDispatcher] Successfully renew job request 1, job is valid till 8/3/2022 5:47:23 AM
[2022-08-03 05:38:24Z INFO JobDispatcher] Successfully renew job request 1, job is valid till 8/3/2022 5:48:24 AM
[2022-08-03 05:39:25Z INFO JobDispatcher] Successfully renew job request 1, job is valid till 8/3/2022 5:49:25 AM
[2022-08-03 05:40:25Z INFO JobDispatcher] Successfully renew job request 1, job is valid till 8/3/2022 5:50:25 AM
[2022-08-03 05:40:32Z INFO ProcessInvokerWrapper] STDOUT/STDERR stream read finished.
[2022-08-03 05:40:32Z INFO ProcessInvokerWrapper] STDOUT/STDERR stream read finished.
[2022-08-03 05:40:32Z INFO ProcessInvokerWrapper] Finished process 17800 with exit code 100, and elapsed time 00:08:10.5647491.
[2022-08-03 05:40:32Z INFO JobDispatcher] Worker finished for job c269f388-e93f-55df-e42c-8ad0a472b48b. Code: 100
[2022-08-03 05:40:32Z INFO JobDispatcher] finish job request for job c269f388-e93f-55df-e42c-8ad0a472b48b with result: Succeeded
[2022-08-03 05:40:32Z INFO Terminal] WRITE LINE: 2022-08-03 05:40:32Z: Job build (16.x) completed with result: Succeeded
[2022-08-03 05:40:32Z INFO JobDispatcher] Stop renew job request for job c269f388-e93f-55df-e42c-8ad0a472b48b.
[2022-08-03 05:40:32Z INFO JobDispatcher] job renew has been cancelled, stop renew job request 1.
[2022-08-03 05:40:32Z INFO JobNotification] Entering JobCompleted Notification
[2022-08-03 05:40:32Z INFO JobNotification] Entering EndMonitor
[2022-08-03 05:42:36Z INFO Terminal] WRITE LINE: Exiting...
[2022-08-03 05:42:36Z INFO ConfigurationStore] IsServiceConfigured()
[2022-08-03 05:42:36Z INFO ConfigurationStore] IsServiceConfigured: False
[2022-08-03 05:42:36Z INFO HostContext] Runner will be shutdown for UserCancelled
[2022-08-03 05:42:36Z WARN GitHubActionsService] GET request to https://pipelines.actions.githubusercontent.com/vU2uhXeXbLjX6XbuuY7jKikBqRN0qfuvE1J8jnL1vqTCwtGLgi/_apis/distributedtask/pools/1/messages?sessionId=19bf522a-4bd8-449a-8bdd-c31b2ddc8a65&lastMessageId=1 has been cancelled.
[2022-08-03 05:42:36Z INFO MessageListener] Get next message has been cancelled.
[2022-08-03 05:42:36Z INFO JobDispatcher] Shutting down JobDispatcher. Make sure all WorkerDispatcher has finished.
[2022-08-03 05:42:36Z INFO JobDispatcher] Ensure WorkerDispather for job c269f388-e93f-55df-e42c-8ad0a472b48b run to finish, cancel any running job.
[2022-08-03 05:42:36Z INFO JobDispatcher] Job request c269f388-e93f-55df-e42c-8ad0a472b48b processed succeed.
[2022-08-03 05:42:57Z WARN GitHubActionsService] Attempt 1 of DELETE request to https://pipelines.actions.githubusercontent.com/vU2uhXeXbLjX6XbuuY7jKikBqRN0qfuvE1J8jnL1vqTCwtGLgi/_apis/distributedtask/pools/1/sessions/19bf522a-4bd8-449a-8bdd-c31b2ddc8a65 failed (Socket Error: TimedOut). The operation will be retried in 11.179 seconds.
[2022-08-03 05:43:06Z INFO Listener] Runner execution been cancelled.
